#-----------------------------------------------------------
# Vivado v2024.2 (64-bit)
# SW Build 5239630 on Fri Nov 08 22:35:27 MST 2024
# IP Build 5239520 on Sun Nov 10 16:12:51 MST 2024
# SharedData Build 5239561 on Fri Nov 08 14:39:27 MST 2024
# Start of session at: Tue Mar 18 17:21:43 2025
# Process ID         : 17184
# Current directory  : C:/Users/Valerio/Desktop/University2/DSP/Prj/spGPU/drawCircleAcc
# Command line       : vivado.exe -gui_launcher_event rodinguilauncherevent11356 C:\Users\Valerio\Desktop\University2\DSP\Prj\spGPU\drawCircleAcc\drawCircleAcc.xpr
# Log file           : C:/Users/Valerio/Desktop/University2/DSP/Prj/spGPU/drawCircleAcc/vivado.log
# Journal file       : C:/Users/Valerio/Desktop/University2/DSP/Prj/spGPU/drawCircleAcc\vivado.jou
# Running On         : Pc-Of-Valerioh
# Platform           : Windows Server 2016 or Windows 10
# Operating System   : 26100
# Processor Detail   : AMD Ryzen 5 7600X 6-Core Processor             
# CPU Frequency      : 4691 MHz
# CPU Physical cores : 6
# CPU Logical cores  : 12
# Host memory        : 33409 MB
# Swap memory        : 2147 MB
# Total Virtual      : 35556 MB
# Available Virtual  : 24224 MB
#-----------------------------------------------------------
start_gui
open_project C:/Users/Valerio/Desktop/University2/DSP/Prj/spGPU/drawCircleAcc/drawCircleAcc.xpr
WARNING: [Board 49-26] cannot add Board Part xilinx.com:zcu208ld:part0:2.0 available at C:/Xilinx/Vivado/2024.2/data/xhub/boards/XilinxBoardStore/boards/Xilinx/zcu208ld/production/2.0/board.xml as part xczu58dr-fsvg1517-2-i specified in board_part file is either invalid or not available
WARNING: [Board 49-26] cannot add Board Part xilinx.com:zcu216ld:part0:2.0 available at C:/Xilinx/Vivado/2024.2/data/xhub/boards/XilinxBoardStore/boards/Xilinx/zcu216ld/production/2.0/board.xml as part xczu59dr-ffvf1760-2-i specified in board_part file is either invalid or not available
WARNING: [Board 49-26] cannot add Board Part xilinx.com:zcu670ld:part0:1.0 available at C:/Xilinx/Vivado/2024.2/data/xhub/boards/XilinxBoardStore/boards/Xilinx/zcu670ld/1.0/board.xml as part xczu57dr-fsve1156-2-i specified in board_part file is either invalid or not available
INFO: [filemgmt 56-3] Default IP Output Path : Could not find the directory 'C:/Users/Valerio/Desktop/University2/DSP/Prj/spGPU/drawCircleAcc/drawCircleAcc.gen/sources_1'.
Scanning sources...
Finished scanning sources
INFO: [IP_Flow 19-234] Refreshing IP repositories
INFO: [IP_Flow 19-1704] No user IP repositories specified
INFO: [IP_Flow 19-2313] Loaded Vivado IP repository 'C:/Xilinx/Vivado/2024.2/data/ip'.
open_project: Time (s): cpu = 00:00:11 ; elapsed = 00:00:06 . Memory (MB): peak = 1601.656 ; gain = 396.469
update_compile_order -fileset sources_1
open_bd_design {C:/Users/Valerio/Desktop/University2/DSP/Prj/spGPU/drawCircleAcc/drawCircleAcc.srcs/sources_1/bd/design_1/design_1.bd}
Reading block design file <C:/Users/Valerio/Desktop/University2/DSP/Prj/spGPU/drawCircleAcc/drawCircleAcc.srcs/sources_1/bd/design_1/design_1.bd>...
Successfully read diagram <design_1> from block design file <C:/Users/Valerio/Desktop/University2/DSP/Prj/spGPU/drawCircleAcc/drawCircleAcc.srcs/sources_1/bd/design_1/design_1.bd>
WARNING: [filemgmt 56-199] Attempt to get parsing info during refresh. "On-the-fly" syntax checking information may be incorrect. [C:\Users\Valerio\Desktop\University2\DSP\Prj\spGPU\drawCircleAcc\drawCircleAcc.srcs\sources_1\new\circle_acc.vhd:]
WARNING: [filemgmt 56-199] Attempt to get parsing info during refresh. "On-the-fly" syntax checking information may be incorrect. [C:\Users\Valerio\Desktop\University2\DSP\Prj\spGPU\drawCircleAcc\line_acc.vhd:]
WARNING: [filemgmt 56-199] Attempt to get parsing info during refresh. "On-the-fly" syntax checking information may be incorrect. [C:\Users\Valerio\Desktop\University2\DSP\Prj\spGPU\drawCircleAcc\line_acc.vhd:]
WARNING: [filemgmt 56-199] Attempt to get parsing info during refresh. "On-the-fly" syntax checking information may be incorrect. [C:\Users\Valerio\Desktop\University2\DSP\Prj\spGPU\drawCircleAcc\line_acc.vhd:]
ERROR: [Common 17-180] Spawn failed: No error
WARNING: [filemgmt 56-199] Attempt to get parsing info during refresh. "On-the-fly" syntax checking information may be incorrect. [C:\Users\Valerio\Desktop\University2\DSP\Prj\spGPU\drawCircleAcc\drawCircleAcc.srcs\sources_1\new\circle_acc.vhd:]
WARNING: [filemgmt 56-199] Attempt to get parsing info during refresh. "On-the-fly" syntax checking information may be incorrect. [C:\Users\Valerio\Desktop\University2\DSP\Prj\spGPU\drawCircleAcc\line_acc.vhd:]
WARNING: [filemgmt 56-199] Attempt to get parsing info during refresh. "On-the-fly" syntax checking information may be incorrect. [C:\Users\Valerio\Desktop\University2\DSP\Prj\spGPU\drawCircleAcc\line_acc.vhd:]
WARNING: [filemgmt 56-199] Attempt to get parsing info during refresh. "On-the-fly" syntax checking information may be incorrect. [C:\Users\Valerio\Desktop\University2\DSP\Prj\spGPU\drawCircleAcc\line_acc.vhd:]
ERROR: [Common 17-180] Spawn failed: No error
WARNING: [filemgmt 56-199] Attempt to get parsing info during refresh. "On-the-fly" syntax checking information may be incorrect. [C:\Users\Valerio\Desktop\University2\DSP\Prj\spGPU\drawCircleAcc\drawCircleAcc.srcs\sources_1\new\circle_acc.vhd:]
WARNING: [filemgmt 56-199] Attempt to get parsing info during refresh. "On-the-fly" syntax checking information may be incorrect. [C:\Users\Valerio\Desktop\University2\DSP\Prj\spGPU\drawCircleAcc\line_acc.vhd:]
WARNING: [filemgmt 56-199] Attempt to get parsing info during refresh. "On-the-fly" syntax checking information may be incorrect. [C:\Users\Valerio\Desktop\University2\DSP\Prj\spGPU\drawCircleAcc\line_acc.vhd:]
WARNING: [filemgmt 56-199] Attempt to get parsing info during refresh. "On-the-fly" syntax checking information may be incorrect. [C:\Users\Valerio\Desktop\University2\DSP\Prj\spGPU\drawCircleAcc\line_acc.vhd:]
ERROR: [Common 17-180] Spawn failed: No error
WARNING: [filemgmt 56-199] Attempt to get parsing info during refresh. "On-the-fly" syntax checking information may be incorrect. [C:\Users\Valerio\Desktop\University2\DSP\Prj\spGPU\drawCircleAcc\drawCircleAcc.srcs\sources_1\new\circle_acc.vhd:]
WARNING: [filemgmt 56-199] Attempt to get parsing info during refresh. "On-the-fly" syntax checking information may be incorrect. [C:\Users\Valerio\Desktop\University2\DSP\Prj\spGPU\drawCircleAcc\line_acc.vhd:]
WARNING: [filemgmt 56-199] Attempt to get parsing info during refresh. "On-the-fly" syntax checking information may be incorrect. [C:\Users\Valerio\Desktop\University2\DSP\Prj\spGPU\drawCircleAcc\line_acc.vhd:]
WARNING: [filemgmt 56-199] Attempt to get parsing info during refresh. "On-the-fly" syntax checking information may be incorrect. [C:\Users\Valerio\Desktop\University2\DSP\Prj\spGPU\drawCircleAcc\line_acc.vhd:]
ERROR: [Common 17-180] Spawn failed: No error
WARNING: [filemgmt 56-199] Attempt to get parsing info during refresh. "On-the-fly" syntax checking information may be incorrect. [C:\Users\Valerio\Desktop\University2\DSP\Prj\spGPU\drawCircleAcc\drawCircleAcc.srcs\sources_1\new\circle_acc.vhd:]
WARNING: [filemgmt 56-199] Attempt to get parsing info during refresh. "On-the-fly" syntax checking information may be incorrect. [C:\Users\Valerio\Desktop\University2\DSP\Prj\spGPU\drawCircleAcc\line_acc.vhd:]
WARNING: [filemgmt 56-199] Attempt to get parsing info during refresh. "On-the-fly" syntax checking information may be incorrect. [C:\Users\Valerio\Desktop\University2\DSP\Prj\spGPU\drawCircleAcc\line_acc.vhd:]
WARNING: [filemgmt 56-199] Attempt to get parsing info during refresh. "On-the-fly" syntax checking information may be incorrect. [C:\Users\Valerio\Desktop\University2\DSP\Prj\spGPU\drawCircleAcc\line_acc.vhd:]
ERROR: [Common 17-180] Spawn failed: No error
WARNING: [filemgmt 56-199] Attempt to get parsing info during refresh. "On-the-fly" syntax checking information may be incorrect. [C:\Users\Valerio\Desktop\University2\DSP\Prj\spGPU\drawCircleAcc\drawCircleAcc.srcs\sources_1\new\circle_acc.vhd:]
WARNING: [filemgmt 56-199] Attempt to get parsing info during refresh. "On-the-fly" syntax checking information may be incorrect. [C:\Users\Valerio\Desktop\University2\DSP\Prj\spGPU\drawCircleAcc\line_acc.vhd:]
WARNING: [filemgmt 56-199] Attempt to get parsing info during refresh. "On-the-fly" syntax checking information may be incorrect. [C:\Users\Valerio\Desktop\University2\DSP\Prj\spGPU\drawCircleAcc\line_acc.vhd:]
WARNING: [filemgmt 56-199] Attempt to get parsing info during refresh. "On-the-fly" syntax checking information may be incorrect. [C:\Users\Valerio\Desktop\University2\DSP\Prj\spGPU\drawCircleAcc\line_acc.vhd:]
ERROR: [Common 17-180] Spawn failed: No error
WARNING: [filemgmt 56-199] Attempt to get parsing info during refresh. "On-the-fly" syntax checking information may be incorrect. [C:\Users\Valerio\Desktop\University2\DSP\Prj\spGPU\drawCircleAcc\drawCircleAcc.srcs\sources_1\new\circle_acc.vhd:]
WARNING: [filemgmt 56-199] Attempt to get parsing info during refresh. "On-the-fly" syntax checking information may be incorrect. [C:\Users\Valerio\Desktop\University2\DSP\Prj\spGPU\drawCircleAcc\line_acc.vhd:]
WARNING: [filemgmt 56-199] Attempt to get parsing info during refresh. "On-the-fly" syntax checking information may be incorrect. [C:\Users\Valerio\Desktop\University2\DSP\Prj\spGPU\drawCircleAcc\line_acc.vhd:]
WARNING: [filemgmt 56-199] Attempt to get parsing info during refresh. "On-the-fly" syntax checking information may be incorrect. [C:\Users\Valerio\Desktop\University2\DSP\Prj\spGPU\drawCircleAcc\line_acc.vhd:]
ERROR: [Common 17-180] Spawn failed: No error
WARNING: [filemgmt 56-199] Attempt to get parsing info during refresh. "On-the-fly" syntax checking information may be incorrect. [C:\Users\Valerio\Desktop\University2\DSP\Prj\spGPU\drawCircleAcc\drawCircleAcc.srcs\sources_1\new\circle_acc.vhd:]
WARNING: [filemgmt 56-199] Attempt to get parsing info during refresh. "On-the-fly" syntax checking information may be incorrect. [C:\Users\Valerio\Desktop\University2\DSP\Prj\spGPU\drawCircleAcc\line_acc.vhd:]
WARNING: [filemgmt 56-199] Attempt to get parsing info during refresh. "On-the-fly" syntax checking information may be incorrect. [C:\Users\Valerio\Desktop\University2\DSP\Prj\spGPU\drawCircleAcc\line_acc.vhd:]
WARNING: [filemgmt 56-199] Attempt to get parsing info during refresh. "On-the-fly" syntax checking information may be incorrect. [C:\Users\Valerio\Desktop\University2\DSP\Prj\spGPU\drawCircleAcc\line_acc.vhd:]
ERROR: [Common 17-180] Spawn failed: No error
WARNING: [filemgmt 56-199] Attempt to get parsing info during refresh. "On-the-fly" syntax checking information may be incorrect. [C:\Users\Valerio\Desktop\University2\DSP\Prj\spGPU\drawCircleAcc\drawCircleAcc.srcs\sources_1\new\circle_acc.vhd:]
WARNING: [filemgmt 56-199] Attempt to get parsing info during refresh. "On-the-fly" syntax checking information may be incorrect. [C:\Users\Valerio\Desktop\University2\DSP\Prj\spGPU\drawCircleAcc\line_acc.vhd:]
WARNING: [filemgmt 56-199] Attempt to get parsing info during refresh. "On-the-fly" syntax checking information may be incorrect. [C:\Users\Valerio\Desktop\University2\DSP\Prj\spGPU\drawCircleAcc\line_acc.vhd:]
WARNING: [filemgmt 56-199] Attempt to get parsing info during refresh. "On-the-fly" syntax checking information may be incorrect. [C:\Users\Valerio\Desktop\University2\DSP\Prj\spGPU\drawCircleAcc\line_acc.vhd:]
ERROR: [Common 17-180] Spawn failed: No error
WARNING: [filemgmt 56-199] Attempt to get parsing info during refresh. "On-the-fly" syntax checking information may be incorrect. [C:\Users\Valerio\Desktop\University2\DSP\Prj\spGPU\drawCircleAcc\drawCircleAcc.srcs\sources_1\new\circle_acc.vhd:]
WARNING: [filemgmt 56-199] Attempt to get parsing info during refresh. "On-the-fly" syntax checking information may be incorrect. [C:\Users\Valerio\Desktop\University2\DSP\Prj\spGPU\drawCircleAcc\line_acc.vhd:]
WARNING: [filemgmt 56-199] Attempt to get parsing info during refresh. "On-the-fly" syntax checking information may be incorrect. [C:\Users\Valerio\Desktop\University2\DSP\Prj\spGPU\drawCircleAcc\line_acc.vhd:]
WARNING: [filemgmt 56-199] Attempt to get parsing info during refresh. "On-the-fly" syntax checking information may be incorrect. [C:\Users\Valerio\Desktop\University2\DSP\Prj\spGPU\drawCircleAcc\line_acc.vhd:]
ERROR: [Common 17-180] Spawn failed: No error
WARNING: [filemgmt 56-199] Attempt to get parsing info during refresh. "On-the-fly" syntax checking information may be incorrect. [C:\Users\Valerio\Desktop\University2\DSP\Prj\spGPU\drawCircleAcc\drawCircleAcc.srcs\sources_1\new\circle_acc.vhd:]
WARNING: [filemgmt 56-199] Attempt to get parsing info during refresh. "On-the-fly" syntax checking information may be incorrect. [C:\Users\Valerio\Desktop\University2\DSP\Prj\spGPU\drawCircleAcc\line_acc.vhd:]
WARNING: [filemgmt 56-199] Attempt to get parsing info during refresh. "On-the-fly" syntax checking information may be incorrect. [C:\Users\Valerio\Desktop\University2\DSP\Prj\spGPU\drawCircleAcc\line_acc.vhd:]
WARNING: [filemgmt 56-199] Attempt to get parsing info during refresh. "On-the-fly" syntax checking information may be incorrect. [C:\Users\Valerio\Desktop\University2\DSP\Prj\spGPU\drawCircleAcc\line_acc.vhd:]
ERROR: [Common 17-180] Spawn failed: No error
WARNING: [filemgmt 56-199] Attempt to get parsing info during refresh. "On-the-fly" syntax checking information may be incorrect. [C:\Users\Valerio\Desktop\University2\DSP\Prj\spGPU\drawCircleAcc\drawCircleAcc.srcs\sources_1\new\circle_acc.vhd:]
WARNING: [filemgmt 56-199] Attempt to get parsing info during refresh. "On-the-fly" syntax checking information may be incorrect. [C:\Users\Valerio\Desktop\University2\DSP\Prj\spGPU\drawCircleAcc\line_acc.vhd:]
WARNING: [filemgmt 56-199] Attempt to get parsing info during refresh. "On-the-fly" syntax checking information may be incorrect. [C:\Users\Valerio\Desktop\University2\DSP\Prj\spGPU\drawCircleAcc\line_acc.vhd:]
WARNING: [filemgmt 56-199] Attempt to get parsing info during refresh. "On-the-fly" syntax checking information may be incorrect. [C:\Users\Valerio\Desktop\University2\DSP\Prj\spGPU\drawCircleAcc\line_acc.vhd:]
ERROR: [Common 17-180] Spawn failed: No error
WARNING: [filemgmt 56-199] Attempt to get parsing info during refresh. "On-the-fly" syntax checking information may be incorrect. [C:\Users\Valerio\Desktop\University2\DSP\Prj\spGPU\drawCircleAcc\drawCircleAcc.srcs\sources_1\new\circle_acc.vhd:]
WARNING: [filemgmt 56-199] Attempt to get parsing info during refresh. "On-the-fly" syntax checking information may be incorrect. [C:\Users\Valerio\Desktop\University2\DSP\Prj\spGPU\drawCircleAcc\line_acc.vhd:]
WARNING: [filemgmt 56-199] Attempt to get parsing info during refresh. "On-the-fly" syntax checking information may be incorrect. [C:\Users\Valerio\Desktop\University2\DSP\Prj\spGPU\drawCircleAcc\line_acc.vhd:]
WARNING: [filemgmt 56-199] Attempt to get parsing info during refresh. "On-the-fly" syntax checking information may be incorrect. [C:\Users\Valerio\Desktop\University2\DSP\Prj\spGPU\drawCircleAcc\line_acc.vhd:]
ERROR: [Common 17-180] Spawn failed: No error
WARNING: [filemgmt 56-199] Attempt to get parsing info during refresh. "On-the-fly" syntax checking information may be incorrect. [C:\Users\Valerio\Desktop\University2\DSP\Prj\spGPU\drawCircleAcc\drawCircleAcc.srcs\sources_1\new\circle_acc.vhd:]
WARNING: [filemgmt 56-199] Attempt to get parsing info during refresh. "On-the-fly" syntax checking information may be incorrect. [C:\Users\Valerio\Desktop\University2\DSP\Prj\spGPU\drawCircleAcc\line_acc.vhd:]
WARNING: [filemgmt 56-199] Attempt to get parsing info during refresh. "On-the-fly" syntax checking information may be incorrect. [C:\Users\Valerio\Desktop\University2\DSP\Prj\spGPU\drawCircleAcc\line_acc.vhd:]
WARNING: [filemgmt 56-199] Attempt to get parsing info during refresh. "On-the-fly" syntax checking information may be incorrect. [C:\Users\Valerio\Desktop\University2\DSP\Prj\spGPU\drawCircleAcc\line_acc.vhd:]
ERROR: [Common 17-180] Spawn failed: No error
WARNING: [filemgmt 56-199] Attempt to get parsing info during refresh. "On-the-fly" syntax checking information may be incorrect. [C:\Users\Valerio\Desktop\University2\DSP\Prj\spGPU\drawCircleAcc\drawCircleAcc.srcs\sources_1\new\circle_acc.vhd:]
WARNING: [filemgmt 56-199] Attempt to get parsing info during refresh. "On-the-fly" syntax checking information may be incorrect. [C:\Users\Valerio\Desktop\University2\DSP\Prj\spGPU\drawCircleAcc\line_acc.vhd:]
WARNING: [filemgmt 56-199] Attempt to get parsing info during refresh. "On-the-fly" syntax checking information may be incorrect. [C:\Users\Valerio\Desktop\University2\DSP\Prj\spGPU\drawCircleAcc\line_acc.vhd:]
WARNING: [filemgmt 56-199] Attempt to get parsing info during refresh. "On-the-fly" syntax checking information may be incorrect. [C:\Users\Valerio\Desktop\University2\DSP\Prj\spGPU\drawCircleAcc\line_acc.vhd:]
ERROR: [Common 17-180] Spawn failed: No error
WARNING: [filemgmt 56-199] Attempt to get parsing info during refresh. "On-the-fly" syntax checking information may be incorrect. [C:\Users\Valerio\Desktop\University2\DSP\Prj\spGPU\drawCircleAcc\drawCircleAcc.srcs\sources_1\new\circle_acc.vhd:]
WARNING: [filemgmt 56-199] Attempt to get parsing info during refresh. "On-the-fly" syntax checking information may be incorrect. [C:\Users\Valerio\Desktop\University2\DSP\Prj\spGPU\drawCircleAcc\line_acc.vhd:]
WARNING: [filemgmt 56-199] Attempt to get parsing info during refresh. "On-the-fly" syntax checking information may be incorrect. [C:\Users\Valerio\Desktop\University2\DSP\Prj\spGPU\drawCircleAcc\line_acc.vhd:]
WARNING: [filemgmt 56-199] Attempt to get parsing info during refresh. "On-the-fly" syntax checking information may be incorrect. [C:\Users\Valerio\Desktop\University2\DSP\Prj\spGPU\drawCircleAcc\line_acc.vhd:]
ERROR: [Common 17-180] Spawn failed: No error
WARNING: [filemgmt 56-199] Attempt to get parsing info during refresh. "On-the-fly" syntax checking information may be incorrect. [C:\Users\Valerio\Desktop\University2\DSP\Prj\spGPU\drawCircleAcc\drawCircleAcc.srcs\sources_1\new\circle_acc.vhd:]
WARNING: [filemgmt 56-199] Attempt to get parsing info during refresh. "On-the-fly" syntax checking information may be incorrect. [C:\Users\Valerio\Desktop\University2\DSP\Prj\spGPU\drawCircleAcc\line_acc.vhd:]
WARNING: [filemgmt 56-199] Attempt to get parsing info during refresh. "On-the-fly" syntax checking information may be incorrect. [C:\Users\Valerio\Desktop\University2\DSP\Prj\spGPU\drawCircleAcc\line_acc.vhd:]
WARNING: [filemgmt 56-199] Attempt to get parsing info during refresh. "On-the-fly" syntax checking information may be incorrect. [C:\Users\Valerio\Desktop\University2\DSP\Prj\spGPU\drawCircleAcc\line_acc.vhd:]
ERROR: [Common 17-180] Spawn failed: No error
WARNING: [filemgmt 56-199] Attempt to get parsing info during refresh. "On-the-fly" syntax checking information may be incorrect. [C:\Users\Valerio\Desktop\University2\DSP\Prj\spGPU\drawCircleAcc\drawCircleAcc.srcs\sources_1\new\circle_acc.vhd:]
WARNING: [filemgmt 56-199] Attempt to get parsing info during refresh. "On-the-fly" syntax checking information may be incorrect. [C:\Users\Valerio\Desktop\University2\DSP\Prj\spGPU\drawCircleAcc\line_acc.vhd:]
WARNING: [filemgmt 56-199] Attempt to get parsing info during refresh. "On-the-fly" syntax checking information may be incorrect. [C:\Users\Valerio\Desktop\University2\DSP\Prj\spGPU\drawCircleAcc\line_acc.vhd:]
WARNING: [filemgmt 56-199] Attempt to get parsing info during refresh. "On-the-fly" syntax checking information may be incorrect. [C:\Users\Valerio\Desktop\University2\DSP\Prj\spGPU\drawCircleAcc\line_acc.vhd:]
ERROR: [Common 17-180] Spawn failed: No error
WARNING: [filemgmt 56-199] Attempt to get parsing info during refresh. "On-the-fly" syntax checking information may be incorrect. [C:\Users\Valerio\Desktop\University2\DSP\Prj\spGPU\drawCircleAcc\drawCircleAcc.srcs\sources_1\new\circle_acc.vhd:]
WARNING: [filemgmt 56-199] Attempt to get parsing info during refresh. "On-the-fly" syntax checking information may be incorrect. [C:\Users\Valerio\Desktop\University2\DSP\Prj\spGPU\drawCircleAcc\line_acc.vhd:]
WARNING: [filemgmt 56-199] Attempt to get parsing info during refresh. "On-the-fly" syntax checking information may be incorrect. [C:\Users\Valerio\Desktop\University2\DSP\Prj\spGPU\drawCircleAcc\line_acc.vhd:]
WARNING: [filemgmt 56-199] Attempt to get parsing info during refresh. "On-the-fly" syntax checking information may be incorrect. [C:\Users\Valerio\Desktop\University2\DSP\Prj\spGPU\drawCircleAcc\line_acc.vhd:]
ERROR: [Common 17-180] Spawn failed: No error
WARNING: [filemgmt 56-199] Attempt to get parsing info during refresh. "On-the-fly" syntax checking information may be incorrect. [C:\Users\Valerio\Desktop\University2\DSP\Prj\spGPU\drawCircleAcc\drawCircleAcc.srcs\sources_1\new\circle_acc.vhd:]
WARNING: [filemgmt 56-199] Attempt to get parsing info during refresh. "On-the-fly" syntax checking information may be incorrect. [C:\Users\Valerio\Desktop\University2\DSP\Prj\spGPU\drawCircleAcc\line_acc.vhd:]
WARNING: [filemgmt 56-199] Attempt to get parsing info during refresh. "On-the-fly" syntax checking information may be incorrect. [C:\Users\Valerio\Desktop\University2\DSP\Prj\spGPU\drawCircleAcc\line_acc.vhd:]
WARNING: [filemgmt 56-199] Attempt to get parsing info during refresh. "On-the-fly" syntax checking information may be incorrect. [C:\Users\Valerio\Desktop\University2\DSP\Prj\spGPU\drawCircleAcc\line_acc.vhd:]
ERROR: [Common 17-180] Spawn failed: No error
WARNING: [filemgmt 56-199] Attempt to get parsing info during refresh. "On-the-fly" syntax checking information may be incorrect. [C:\Users\Valerio\Desktop\University2\DSP\Prj\spGPU\drawCircleAcc\drawCircleAcc.srcs\sources_1\new\circle_acc.vhd:]
WARNING: [filemgmt 56-199] Attempt to get parsing info during refresh. "On-the-fly" syntax checking information may be incorrect. [C:\Users\Valerio\Desktop\University2\DSP\Prj\spGPU\drawCircleAcc\line_acc.vhd:]
WARNING: [filemgmt 56-199] Attempt to get parsing info during refresh. "On-the-fly" syntax checking information may be incorrect. [C:\Users\Valerio\Desktop\University2\DSP\Prj\spGPU\drawCircleAcc\line_acc.vhd:]
WARNING: [filemgmt 56-199] Attempt to get parsing info during refresh. "On-the-fly" syntax checking information may be incorrect. [C:\Users\Valerio\Desktop\University2\DSP\Prj\spGPU\drawCircleAcc\line_acc.vhd:]
ERROR: [Common 17-180] Spawn failed: No error
WARNING: [filemgmt 56-199] Attempt to get parsing info during refresh. "On-the-fly" syntax checking information may be incorrect. [C:\Users\Valerio\Desktop\University2\DSP\Prj\spGPU\drawCircleAcc\drawCircleAcc.srcs\sources_1\new\circle_acc.vhd:]
WARNING: [filemgmt 56-199] Attempt to get parsing info during refresh. "On-the-fly" syntax checking information may be incorrect. [C:\Users\Valerio\Desktop\University2\DSP\Prj\spGPU\drawCircleAcc\line_acc.vhd:]
WARNING: [filemgmt 56-199] Attempt to get parsing info during refresh. "On-the-fly" syntax checking information may be incorrect. [C:\Users\Valerio\Desktop\University2\DSP\Prj\spGPU\drawCircleAcc\line_acc.vhd:]
WARNING: [filemgmt 56-199] Attempt to get parsing info during refresh. "On-the-fly" syntax checking information may be incorrect. [C:\Users\Valerio\Desktop\University2\DSP\Prj\spGPU\drawCircleAcc\line_acc.vhd:]
ERROR: [Common 17-180] Spawn failed: No error
WARNING: [filemgmt 56-199] Attempt to get parsing info during refresh. "On-the-fly" syntax checking information may be incorrect. [C:\Users\Valerio\Desktop\University2\DSP\Prj\spGPU\drawCircleAcc\drawCircleAcc.srcs\sources_1\new\circle_acc.vhd:]
WARNING: [filemgmt 56-199] Attempt to get parsing info during refresh. "On-the-fly" syntax checking information may be incorrect. [C:\Users\Valerio\Desktop\University2\DSP\Prj\spGPU\drawCircleAcc\line_acc.vhd:]
WARNING: [filemgmt 56-199] Attempt to get parsing info during refresh. "On-the-fly" syntax checking information may be incorrect. [C:\Users\Valerio\Desktop\University2\DSP\Prj\spGPU\drawCircleAcc\line_acc.vhd:]
WARNING: [filemgmt 56-199] Attempt to get parsing info during refresh. "On-the-fly" syntax checking information may be incorrect. [C:\Users\Valerio\Desktop\University2\DSP\Prj\spGPU\drawCircleAcc\line_acc.vhd:]
ERROR: [Common 17-180] Spawn failed: No error
WARNING: [filemgmt 56-199] Attempt to get parsing info during refresh. "On-the-fly" syntax checking information may be incorrect. [C:\Users\Valerio\Desktop\University2\DSP\Prj\spGPU\drawCircleAcc\drawCircleAcc.srcs\sources_1\new\circle_acc.vhd:]
WARNING: [filemgmt 56-199] Attempt to get parsing info during refresh. "On-the-fly" syntax checking information may be incorrect. [C:\Users\Valerio\Desktop\University2\DSP\Prj\spGPU\drawCircleAcc\line_acc.vhd:]
WARNING: [filemgmt 56-199] Attempt to get parsing info during refresh. "On-the-fly" syntax checking information may be incorrect. [C:\Users\Valerio\Desktop\University2\DSP\Prj\spGPU\drawCircleAcc\line_acc.vhd:]
WARNING: [filemgmt 56-199] Attempt to get parsing info during refresh. "On-the-fly" syntax checking information may be incorrect. [C:\Users\Valerio\Desktop\University2\DSP\Prj\spGPU\drawCircleAcc\line_acc.vhd:]
ERROR: [Common 17-180] Spawn failed: No error
WARNING: [filemgmt 56-199] Attempt to get parsing info during refresh. "On-the-fly" syntax checking information may be incorrect. [C:\Users\Valerio\Desktop\University2\DSP\Prj\spGPU\drawCircleAcc\drawCircleAcc.srcs\sources_1\new\circle_acc.vhd:]
WARNING: [filemgmt 56-199] Attempt to get parsing info during refresh. "On-the-fly" syntax checking information may be incorrect. [C:\Users\Valerio\Desktop\University2\DSP\Prj\spGPU\drawCircleAcc\line_acc.vhd:]
WARNING: [filemgmt 56-199] Attempt to get parsing info during refresh. "On-the-fly" syntax checking information may be incorrect. [C:\Users\Valerio\Desktop\University2\DSP\Prj\spGPU\drawCircleAcc\line_acc.vhd:]
WARNING: [filemgmt 56-199] Attempt to get parsing info during refresh. "On-the-fly" syntax checking information may be incorrect. [C:\Users\Valerio\Desktop\University2\DSP\Prj\spGPU\drawCircleAcc\line_acc.vhd:]
ERROR: [Common 17-180] Spawn failed: No error
WARNING: [filemgmt 56-199] Attempt to get parsing info during refresh. "On-the-fly" syntax checking information may be incorrect. [C:\Users\Valerio\Desktop\University2\DSP\Prj\spGPU\drawCircleAcc\drawCircleAcc.srcs\sources_1\new\circle_acc.vhd:]
WARNING: [filemgmt 56-199] Attempt to get parsing info during refresh. "On-the-fly" syntax checking information may be incorrect. [C:\Users\Valerio\Desktop\University2\DSP\Prj\spGPU\drawCircleAcc\line_acc.vhd:]
WARNING: [filemgmt 56-199] Attempt to get parsing info during refresh. "On-the-fly" syntax checking information may be incorrect. [C:\Users\Valerio\Desktop\University2\DSP\Prj\spGPU\drawCircleAcc\line_acc.vhd:]
WARNING: [filemgmt 56-199] Attempt to get parsing info during refresh. "On-the-fly" syntax checking information may be incorrect. [C:\Users\Valerio\Desktop\University2\DSP\Prj\spGPU\drawCircleAcc\line_acc.vhd:]
ERROR: [Common 17-180] Spawn failed: No error
WARNING: [filemgmt 56-199] Attempt to get parsing info during refresh. "On-the-fly" syntax checking information may be incorrect. [C:\Users\Valerio\Desktop\University2\DSP\Prj\spGPU\drawCircleAcc\drawCircleAcc.srcs\sources_1\new\circle_acc.vhd:]
WARNING: [filemgmt 56-199] Attempt to get parsing info during refresh. "On-the-fly" syntax checking information may be incorrect. [C:\Users\Valerio\Desktop\University2\DSP\Prj\spGPU\drawCircleAcc\line_acc.vhd:]
WARNING: [filemgmt 56-199] Attempt to get parsing info during refresh. "On-the-fly" syntax checking information may be incorrect. [C:\Users\Valerio\Desktop\University2\DSP\Prj\spGPU\drawCircleAcc\line_acc.vhd:]
WARNING: [filemgmt 56-199] Attempt to get parsing info during refresh. "On-the-fly" syntax checking information may be incorrect. [C:\Users\Valerio\Desktop\University2\DSP\Prj\spGPU\drawCircleAcc\line_acc.vhd:]
ERROR: [Common 17-180] Spawn failed: No error
WARNING: [filemgmt 56-199] Attempt to get parsing info during refresh. "On-the-fly" syntax checking information may be incorrect. [C:\Users\Valerio\Desktop\University2\DSP\Prj\spGPU\drawCircleAcc\drawCircleAcc.srcs\sources_1\new\circle_acc.vhd:]
WARNING: [filemgmt 56-199] Attempt to get parsing info during refresh. "On-the-fly" syntax checking information may be incorrect. [C:\Users\Valerio\Desktop\University2\DSP\Prj\spGPU\drawCircleAcc\line_acc.vhd:]
WARNING: [filemgmt 56-199] Attempt to get parsing info during refresh. "On-the-fly" syntax checking information may be incorrect. [C:\Users\Valerio\Desktop\University2\DSP\Prj\spGPU\drawCircleAcc\line_acc.vhd:]
WARNING: [filemgmt 56-199] Attempt to get parsing info during refresh. "On-the-fly" syntax checking information may be incorrect. [C:\Users\Valerio\Desktop\University2\DSP\Prj\spGPU\drawCircleAcc\line_acc.vhd:]
ERROR: [Common 17-180] Spawn failed: No error
remove_files  C:/Users/Valerio/Desktop/University2/DSP/Prj/spGPU/drawCircleAcc/line_acc.vhd
update_compile_order -fileset sources_1
remove_files  C:/Users/Valerio/Desktop/University2/DSP/Prj/spGPU/drawCircleAcc/drawCircleAcc.srcs/sources_1/bd/design_1/design_1.bd
Wrote  : <C:/Users/Valerio/Desktop/University2/DSP/Prj/spGPU/drawCircleAcc/drawCircleAcc.srcs/sources_1/bd/design_1/ui/bd_1f5defd0.ui> 
update_compile_order -fileset sources_1
synth_design -top circle_acc -part xc7z020clg400-1 -lint 
Command: synth_design -top circle_acc -part xc7z020clg400-1 -lint
Starting synth_design
Attempting to get a license for feature 'Synthesis' and/or device 'xc7z020'
INFO: [Common 17-349] Got license for feature 'Synthesis' and/or device 'xc7z020'
INFO: [Synth 8-7079] Multithreading enabled for synth_design using a maximum of 2 processes.
INFO: [Synth 8-7078] Launching helper process for spawning children vivado processes
INFO: [Synth 8-7075] Helper process launched with PID 16904
---------------------------------------------------------------------------------
Starting Synthesize : Time (s): cpu = 00:00:03 ; elapsed = 00:00:03 . Memory (MB): peak = 2245.930 ; gain = 457.191
---------------------------------------------------------------------------------
Clean up Linter database...
INFO: [Synth 8-638] synthesizing module 'circle_acc' [C:/Users/Valerio/Desktop/University2/DSP/Prj/spGPU/drawCircleAcc/drawCircleAcc.srcs/sources_1/new/circle_acc.vhd:18]
ERROR: [Synth 8-27] else clause after check for clock not supported [C:/Users/Valerio/Desktop/University2/DSP/Prj/spGPU/drawCircleAcc/drawCircleAcc.srcs/sources_1/new/circle_acc.vhd:114]
ERROR: [Synth 8-285] failed synthesizing module 'circle_acc' [C:/Users/Valerio/Desktop/University2/DSP/Prj/spGPU/drawCircleAcc/drawCircleAcc.srcs/sources_1/new/circle_acc.vhd:18]
---------------------------------------------------------------------------------
Finished Synthesize : Time (s): cpu = 00:00:04 ; elapsed = 00:00:04 . Memory (MB): peak = 2348.785 ; gain = 560.047
---------------------------------------------------------------------------------
synthesize failed
INFO: [Common 17-83] Releasing license: Synthesis
6 Infos, 0 Warnings, 0 Critical Warnings and 2 Errors encountered.
synth_design completed successfully
ERROR: [Common 17-39] 'synth_design' failed due to earlier errors.
synth_design -top circle_acc -part xc7z020clg400-1 -lint 
Command: synth_design -top circle_acc -part xc7z020clg400-1 -lint
Starting synth_design
Attempting to get a license for feature 'Synthesis' and/or device 'xc7z020'
INFO: [Common 17-349] Got license for feature 'Synthesis' and/or device 'xc7z020'
INFO: [Synth 8-7079] Multithreading enabled for synth_design using a maximum of 2 processes.
---------------------------------------------------------------------------------
Starting Synthesize : Time (s): cpu = 00:00:03 ; elapsed = 00:00:03 . Memory (MB): peak = 2348.785 ; gain = 0.000
---------------------------------------------------------------------------------
Clean up Linter database...
INFO: [Synth 8-638] synthesizing module 'circle_acc' [C:/Users/Valerio/Desktop/University2/DSP/Prj/spGPU/drawCircleAcc/drawCircleAcc.srcs/sources_1/new/circle_acc.vhd:18]
INFO: [Synth 8-256] done synthesizing module 'circle_acc' (1#1) [C:/Users/Valerio/Desktop/University2/DSP/Prj/spGPU/drawCircleAcc/drawCircleAcc.srcs/sources_1/new/circle_acc.vhd:18]
---------------------------------------------------------------------------------
Finished Synthesize : Time (s): cpu = 00:00:04 ; elapsed = 00:00:04 . Memory (MB): peak = 2384.262 ; gain = 35.477
---------------------------------------------------------------------------------
Copyright 1986-2022 Xilinx, Inc. All Rights Reserved. Copyright 2022-2024 Advanced Micro Devices, Inc. All Rights Reserved.
---------------------------------------------------------------------------------------------------------------------------------------------
| Tool Version : Vivado v.2024.2 (win64) Build 5239630 Fri Nov 08 22:35:27 MST 2024
| Date         : Tue Mar 18 18:27:28 2025
| Host         : Pc-Of-Valerioh running 64-bit major release  (build 9200)
---------------------------------------------------------------------------------------------------------------------------------------------

RTL Linter Report

Table of Contents
-----------------
1. Summary

1. Summary
----------

+---------+----------+--------------+----------+
| Rule ID | Severity | # Violations | # Waived |
+---------+----------+--------------+----------+
| RESET-2 | WARNING  | 6            | 0        |
+---------+----------+--------------+----------+


WARNING: [Synth 37-103] [RESET-2]Register d_reg in always/process block does not have asynchronous reset when one or more other signals do.
RTL Name 'd_reg', Hierarchy 'circle_acc', File 'C:/Users/Valerio/Desktop/University2/DSP/Prj/spGPU/drawCircleAcc/drawCircleAcc.srcs/sources_1/new/circle_acc.vhd', Line 29.
WARNING: [Synth 37-103] [RESET-2]Register finish_reg in always/process block does not have asynchronous reset when one or more other signals do.
RTL Name 'finish_reg', Hierarchy 'circle_acc', File 'C:/Users/Valerio/Desktop/University2/DSP/Prj/spGPU/drawCircleAcc/drawCircleAcc.srcs/sources_1/new/circle_acc.vhd', Line 29.
WARNING: [Synth 37-103] [RESET-2]Register pixel_x_reg in always/process block does not have asynchronous reset when one or more other signals do.
RTL Name 'pixel_x_reg', Hierarchy 'circle_acc', File 'C:/Users/Valerio/Desktop/University2/DSP/Prj/spGPU/drawCircleAcc/drawCircleAcc.srcs/sources_1/new/circle_acc.vhd', Line 29.
WARNING: [Synth 37-103] [RESET-2]Register pixel_y_reg in always/process block does not have asynchronous reset when one or more other signals do.
RTL Name 'pixel_y_reg', Hierarchy 'circle_acc', File 'C:/Users/Valerio/Desktop/University2/DSP/Prj/spGPU/drawCircleAcc/drawCircleAcc.srcs/sources_1/new/circle_acc.vhd', Line 29.
WARNING: [Synth 37-103] [RESET-2]Register x_reg in always/process block does not have asynchronous reset when one or more other signals do.
RTL Name 'x_reg', Hierarchy 'circle_acc', File 'C:/Users/Valerio/Desktop/University2/DSP/Prj/spGPU/drawCircleAcc/drawCircleAcc.srcs/sources_1/new/circle_acc.vhd', Line 29.
WARNING: [Synth 37-103] [RESET-2]Register y_reg in always/process block does not have asynchronous reset when one or more other signals do.
RTL Name 'y_reg', Hierarchy 'circle_acc', File 'C:/Users/Valerio/Desktop/University2/DSP/Prj/spGPU/drawCircleAcc/drawCircleAcc.srcs/sources_1/new/circle_acc.vhd', Line 29.
INFO: [Synth 37-85] Total of 6 linter message(s) generated.
INFO: [Synth 37-45] Linter Run Finished!
Synthesis Optimization Runtime : Time (s): cpu = 00:00:04 ; elapsed = 00:00:04 . Memory (MB): peak = 2384.262 ; gain = 35.477
INFO: [Common 17-83] Releasing license: Synthesis
7 Infos, 6 Warnings, 0 Critical Warnings and 0 Errors encountered.
synth_design completed successfully
synth_design -rtl -rtl_skip_mlo -name rtl_1
Command: synth_design -rtl -rtl_skip_mlo -name rtl_1
Starting synth_design
Using part: xc7z020clg400-1
Top: circle_acc
INFO: [Device 21-403] Loading part xc7z020clg400-1
INFO: [Synth 8-7079] Multithreading enabled for synth_design using a maximum of 2 processes.
---------------------------------------------------------------------------------
Starting RTL Elaboration : Time (s): cpu = 00:00:03 ; elapsed = 00:00:03 . Memory (MB): peak = 2488.684 ; gain = 67.309
---------------------------------------------------------------------------------
INFO: [Synth 8-638] synthesizing module 'circle_acc' [C:/Users/Valerio/Desktop/University2/DSP/Prj/spGPU/drawCircleAcc/drawCircleAcc.srcs/sources_1/new/circle_acc.vhd:18]
INFO: [Synth 8-256] done synthesizing module 'circle_acc' (0#1) [C:/Users/Valerio/Desktop/University2/DSP/Prj/spGPU/drawCircleAcc/drawCircleAcc.srcs/sources_1/new/circle_acc.vhd:18]
---------------------------------------------------------------------------------
Finished RTL Elaboration : Time (s): cpu = 00:00:04 ; elapsed = 00:00:04 . Memory (MB): peak = 2595.469 ; gain = 174.094
---------------------------------------------------------------------------------
---------------------------------------------------------------------------------
Start Handling Custom Attributes
---------------------------------------------------------------------------------
---------------------------------------------------------------------------------
Finished Handling Custom Attributes : Time (s): cpu = 00:00:04 ; elapsed = 00:00:04 . Memory (MB): peak = 2595.469 ; gain = 174.094
---------------------------------------------------------------------------------
---------------------------------------------------------------------------------
Finished RTL Optimization Phase 1 : Time (s): cpu = 00:00:04 ; elapsed = 00:00:04 . Memory (MB): peak = 2595.469 ; gain = 174.094
---------------------------------------------------------------------------------
Netlist sorting complete. Time (s): cpu = 00:00:00 ; elapsed = 00:00:00.002 . Memory (MB): peak = 2595.469 ; gain = 0.000
INFO: [Project 1-570] Preparing netlist for logic optimization

Processing XDC Constraints
Initializing timing engine
Completed Processing XDC Constraints

Netlist sorting complete. Time (s): cpu = 00:00:00 ; elapsed = 00:00:00 . Memory (MB): peak = 2681.824 ; gain = 0.000
INFO: [Project 1-111] Unisim Transformation Summary:
No Unisim elements were transformed.

RTL Elaboration Complete:  : Time (s): cpu = 00:00:09 ; elapsed = 00:00:07 . Memory (MB): peak = 2892.277 ; gain = 470.902
6 Infos, 0 Warnings, 0 Critical Warnings and 0 Errors encountered.
synth_design completed successfully
synth_design: Time (s): cpu = 00:00:11 ; elapsed = 00:00:13 . Memory (MB): peak = 2892.277 ; gain = 508.016
exit
INFO: [Common 17-206] Exiting Vivado at Tue Mar 18 18:28:59 2025...
