#-----------------------------------------------------------
# Vivado v2024.2 (64-bit)
# SW Build 5239630 on Fri Nov 08 22:35:27 MST 2024
# IP Build 5239520 on Sun Nov 10 16:12:51 MST 2024
# SharedData Build 5239561 on Fri Nov 08 14:39:27 MST 2024
# Start of session at: Sat Mar 15 22:37:07 2025
# Process ID         : 4568
# Current directory  : C:/Users/Valerio/Desktop/University2/DSP/Prj/spGPU/drawCircleAcc
# Command line       : vivado.exe -gui_launcher_event rodinguilauncherevent952 C:\Users\Valerio\Desktop\University2\DSP\Prj\spGPU\drawCircleAcc\drawCircleAcc.xpr
# Log file           : C:/Users/Valerio/Desktop/University2/DSP/Prj/spGPU/drawCircleAcc/vivado.log
# Journal file       : C:/Users/Valerio/Desktop/University2/DSP/Prj/spGPU/drawCircleAcc\vivado.jou
# Running On         : Pc-Of-Valerioh
# Platform           : Windows Server 2016 or Windows 10
# Operating System   : 26100
# Processor Detail   : AMD Ryzen 5 7600X 6-Core Processor             
# CPU Frequency      : 4691 MHz
# CPU Physical cores : 6
# CPU Logical cores  : 12
# Host memory        : 33409 MB
# Swap memory        : 2147 MB
# Total Virtual      : 35556 MB
# Available Virtual  : 16214 MB
#-----------------------------------------------------------
start_gui
open_project C:/Users/Valerio/Desktop/University2/DSP/Prj/spGPU/drawCircleAcc/drawCircleAcc.xpr
WARNING: [Board 49-26] cannot add Board Part xilinx.com:zcu208ld:part0:2.0 available at C:/Xilinx/Vivado/2024.2/data/xhub/boards/XilinxBoardStore/boards/Xilinx/zcu208ld/production/2.0/board.xml as part xczu58dr-fsvg1517-2-i specified in board_part file is either invalid or not available
WARNING: [Board 49-26] cannot add Board Part xilinx.com:zcu216ld:part0:2.0 available at C:/Xilinx/Vivado/2024.2/data/xhub/boards/XilinxBoardStore/boards/Xilinx/zcu216ld/production/2.0/board.xml as part xczu59dr-ffvf1760-2-i specified in board_part file is either invalid or not available
WARNING: [Board 49-26] cannot add Board Part xilinx.com:zcu670ld:part0:1.0 available at C:/Xilinx/Vivado/2024.2/data/xhub/boards/XilinxBoardStore/boards/Xilinx/zcu670ld/1.0/board.xml as part xczu57dr-fsve1156-2-i specified in board_part file is either invalid or not available
INFO: [filemgmt 56-3] Default IP Output Path : Could not find the directory 'C:/Users/Valerio/Desktop/University2/DSP/Prj/spGPU/drawCircleAcc/drawCircleAcc.gen/sources_1'.
Scanning sources...
Finished scanning sources
INFO: [IP_Flow 19-234] Refreshing IP repositories
INFO: [IP_Flow 19-1704] No user IP repositories specified
INFO: [IP_Flow 19-2313] Loaded Vivado IP repository 'C:/Xilinx/Vivado/2024.2/data/ip'.
open_project: Time (s): cpu = 00:00:12 ; elapsed = 00:00:06 . Memory (MB): peak = 1584.465 ; gain = 366.664
update_compile_order -fileset sources_1
create_bd_design "design_1"
Wrote  : <C:\Users\Valerio\Desktop\University2\DSP\Prj\spGPU\drawCircleAcc\drawCircleAcc.srcs\sources_1\bd\design_1\design_1.bd> 
update_compile_order -fileset sources_1
startgroup
create_bd_cell -type ip -vlnv xilinx.com:ip:lmb_bram_if_cntlr:4.0 lmb_bram_if_cntlr_0
endgroup
set_property location {1 49 -158} [get_bd_cells lmb_bram_if_cntlr_0]
delete_bd_objs [get_bd_cells lmb_bram_if_cntlr_0]
WARNING: [filemgmt 56-199] Attempt to get parsing info during refresh. "On-the-fly" syntax checking information may be incorrect. [C:\Users\Valerio\Desktop\University2\DSP\Prj\spGPU\drawCircleAcc\drawCircleAcc.srcs\sources_1\new\circle_acc.vhd:]
WARNING: [filemgmt 56-199] Attempt to get parsing info during refresh. "On-the-fly" syntax checking information may be incorrect. [C:\Users\Valerio\Desktop\University2\DSP\Prj\spGPU\drawCircleAcc\line_acc.vhd:]
WARNING: [filemgmt 56-199] Attempt to get parsing info during refresh. "On-the-fly" syntax checking information may be incorrect. [C:\Users\Valerio\Desktop\University2\DSP\Prj\spGPU\drawCircleAcc\line_acc.vhd:]
WARNING: [filemgmt 56-199] Attempt to get parsing info during refresh. "On-the-fly" syntax checking information may be incorrect. [C:\Users\Valerio\Desktop\University2\DSP\Prj\spGPU\drawCircleAcc\line_acc.vhd:]
ERROR: [Common 17-180] Spawn failed: No error
save_bd_design
Wrote  : <C:\Users\Valerio\Desktop\University2\DSP\Prj\spGPU\drawCircleAcc\drawCircleAcc.srcs\sources_1\bd\design_1\design_1.bd> 
Wrote  : <C:/Users/Valerio/Desktop/University2/DSP/Prj/spGPU/drawCircleAcc/drawCircleAcc.srcs/sources_1/bd/design_1/ui/bd_1f5defd0.ui> 
WARNING: [filemgmt 56-199] Attempt to get parsing info during refresh. "On-the-fly" syntax checking information may be incorrect. [C:\Users\Valerio\Desktop\University2\DSP\Prj\spGPU\drawCircleAcc\drawCircleAcc.srcs\sources_1\new\circle_acc.vhd:]
WARNING: [filemgmt 56-199] Attempt to get parsing info during refresh. "On-the-fly" syntax checking information may be incorrect. [C:\Users\Valerio\Desktop\University2\DSP\Prj\spGPU\drawCircleAcc\line_acc.vhd:]
WARNING: [filemgmt 56-199] Attempt to get parsing info during refresh. "On-the-fly" syntax checking information may be incorrect. [C:\Users\Valerio\Desktop\University2\DSP\Prj\spGPU\drawCircleAcc\line_acc.vhd:]
WARNING: [filemgmt 56-199] Attempt to get parsing info during refresh. "On-the-fly" syntax checking information may be incorrect. [C:\Users\Valerio\Desktop\University2\DSP\Prj\spGPU\drawCircleAcc\line_acc.vhd:]
ERROR: [Common 17-180] Spawn failed: No error
WARNING: [filemgmt 56-199] Attempt to get parsing info during refresh. "On-the-fly" syntax checking information may be incorrect. [C:\Users\Valerio\Desktop\University2\DSP\Prj\spGPU\drawCircleAcc\drawCircleAcc.srcs\sources_1\new\circle_acc.vhd:]
WARNING: [filemgmt 56-199] Attempt to get parsing info during refresh. "On-the-fly" syntax checking information may be incorrect. [C:\Users\Valerio\Desktop\University2\DSP\Prj\spGPU\drawCircleAcc\line_acc.vhd:]
WARNING: [filemgmt 56-199] Attempt to get parsing info during refresh. "On-the-fly" syntax checking information may be incorrect. [C:\Users\Valerio\Desktop\University2\DSP\Prj\spGPU\drawCircleAcc\line_acc.vhd:]
WARNING: [filemgmt 56-199] Attempt to get parsing info during refresh. "On-the-fly" syntax checking information may be incorrect. [C:\Users\Valerio\Desktop\University2\DSP\Prj\spGPU\drawCircleAcc\line_acc.vhd:]
ERROR: [Common 17-180] Spawn failed: No error
WARNING: [filemgmt 56-199] Attempt to get parsing info during refresh. "On-the-fly" syntax checking information may be incorrect. [C:\Users\Valerio\Desktop\University2\DSP\Prj\spGPU\drawCircleAcc\drawCircleAcc.srcs\sources_1\new\circle_acc.vhd:]
WARNING: [filemgmt 56-199] Attempt to get parsing info during refresh. "On-the-fly" syntax checking information may be incorrect. [C:\Users\Valerio\Desktop\University2\DSP\Prj\spGPU\drawCircleAcc\line_acc.vhd:]
WARNING: [filemgmt 56-199] Attempt to get parsing info during refresh. "On-the-fly" syntax checking information may be incorrect. [C:\Users\Valerio\Desktop\University2\DSP\Prj\spGPU\drawCircleAcc\line_acc.vhd:]
WARNING: [filemgmt 56-199] Attempt to get parsing info during refresh. "On-the-fly" syntax checking information may be incorrect. [C:\Users\Valerio\Desktop\University2\DSP\Prj\spGPU\drawCircleAcc\line_acc.vhd:]
ERROR: [Common 17-180] Spawn failed: No error
WARNING: [filemgmt 56-199] Attempt to get parsing info during refresh. "On-the-fly" syntax checking information may be incorrect. [C:\Users\Valerio\Desktop\University2\DSP\Prj\spGPU\drawCircleAcc\drawCircleAcc.srcs\sources_1\new\circle_acc.vhd:]
WARNING: [filemgmt 56-199] Attempt to get parsing info during refresh. "On-the-fly" syntax checking information may be incorrect. [C:\Users\Valerio\Desktop\University2\DSP\Prj\spGPU\drawCircleAcc\line_acc.vhd:]
WARNING: [filemgmt 56-199] Attempt to get parsing info during refresh. "On-the-fly" syntax checking information may be incorrect. [C:\Users\Valerio\Desktop\University2\DSP\Prj\spGPU\drawCircleAcc\line_acc.vhd:]
WARNING: [filemgmt 56-199] Attempt to get parsing info during refresh. "On-the-fly" syntax checking information may be incorrect. [C:\Users\Valerio\Desktop\University2\DSP\Prj\spGPU\drawCircleAcc\line_acc.vhd:]
ERROR: [Common 17-180] Spawn failed: No error
WARNING: [filemgmt 56-199] Attempt to get parsing info during refresh. "On-the-fly" syntax checking information may be incorrect. [C:\Users\Valerio\Desktop\University2\DSP\Prj\spGPU\drawCircleAcc\drawCircleAcc.srcs\sources_1\new\circle_acc.vhd:]
WARNING: [filemgmt 56-199] Attempt to get parsing info during refresh. "On-the-fly" syntax checking information may be incorrect. [C:\Users\Valerio\Desktop\University2\DSP\Prj\spGPU\drawCircleAcc\line_acc.vhd:]
WARNING: [filemgmt 56-199] Attempt to get parsing info during refresh. "On-the-fly" syntax checking information may be incorrect. [C:\Users\Valerio\Desktop\University2\DSP\Prj\spGPU\drawCircleAcc\line_acc.vhd:]
WARNING: [filemgmt 56-199] Attempt to get parsing info during refresh. "On-the-fly" syntax checking information may be incorrect. [C:\Users\Valerio\Desktop\University2\DSP\Prj\spGPU\drawCircleAcc\line_acc.vhd:]
ERROR: [Common 17-180] Spawn failed: No error
WARNING: [filemgmt 56-199] Attempt to get parsing info during refresh. "On-the-fly" syntax checking information may be incorrect. [C:\Users\Valerio\Desktop\University2\DSP\Prj\spGPU\drawCircleAcc\drawCircleAcc.srcs\sources_1\new\circle_acc.vhd:]
WARNING: [filemgmt 56-199] Attempt to get parsing info during refresh. "On-the-fly" syntax checking information may be incorrect. [C:\Users\Valerio\Desktop\University2\DSP\Prj\spGPU\drawCircleAcc\line_acc.vhd:]
WARNING: [filemgmt 56-199] Attempt to get parsing info during refresh. "On-the-fly" syntax checking information may be incorrect. [C:\Users\Valerio\Desktop\University2\DSP\Prj\spGPU\drawCircleAcc\line_acc.vhd:]
WARNING: [filemgmt 56-199] Attempt to get parsing info during refresh. "On-the-fly" syntax checking information may be incorrect. [C:\Users\Valerio\Desktop\University2\DSP\Prj\spGPU\drawCircleAcc\line_acc.vhd:]
ERROR: [Common 17-180] Spawn failed: No error
exit
INFO: [Common 17-206] Exiting Vivado at Sun Mar 16 00:01:15 2025...
